<?xml version="1.0" encoding="UTF-8"?>
<!-- Generated by org.testng.reporters.JUnitReportReporter -->
<testsuite hostname="Bikash" failures="0" tests="1" name="Seleniumproject.com.Selenium.PrintallLink" time="8.570" errors="0" timestamp="2021-05-26T09:35:37 IST" skipped="0">
  <testcase classname="Seleniumproject.com.Selenium.PrintallLink" name="printAllTheElement" time="8.570"/>
  <system-out/>
</testsuite> <!-- Seleniumproject.com.Selenium.PrintallLink -->
