<?xml version="1.0" encoding="UTF-8"?>
<!-- Generated by org.testng.reporters.JUnitReportReporter -->
<testsuite hostname="Bikash" failures="0" tests="1" name="Seleniumproject.com.Selenium.Dataprovaiderutiles" time="0.000" errors="0" timestamp="2021-06-04T11:57:55 IST" skipped="1">
  <testcase classname="Seleniumproject.com.Selenium.Dataprovaiderutiles" name="printdata" time="0.000">
    <skipped/>
  </testcase> <!-- printdata -->
  <system-out/>
</testsuite> <!-- Seleniumproject.com.Selenium.Dataprovaiderutiles -->
