<?xml version="1.0" encoding="UTF-8"?>
<!-- Generated by org.testng.reporters.JUnitReportReporter -->
<testsuite hostname="DESKTOP-OLLH2D4" failures="0" tests="1" name="svg_Graph.Graph_svg" time="4.680" errors="0" timestamp="2021-09-18T11:08:50 IST" skipped="0">
  <testcase classname="svg_Graph.Graph_svg" name="handleSvg" time="4.680"/>
  <system-out/>
</testsuite> <!-- svg_Graph.Graph_svg -->
