<?xml version="1.0" encoding="UTF-8"?>
<!-- Generated by org.testng.reporters.JUnitReportReporter -->
<testsuite hostname="DESKTOP-OLLH2D4" failures="0" tests="1" name="svg_Graph.svg_emi_calcilator" time="59.916" errors="0" timestamp="2021-09-22T13:45:59 IST" skipped="0">
  <testcase classname="svg_Graph.svg_emi_calcilator" name="emi_cal" time="59.916"/>
  <system-out/>
</testsuite> <!-- svg_Graph.svg_emi_calcilator -->
