<?xml version="1.0" encoding="UTF-8"?>
<!-- Generated by org.testng.reporters.JUnitReportReporter -->
<testsuite hostname="DESKTOP-OLLH2D4" failures="0" tests="1" name="svg_Graph.Covid_case_graph" time="191.570" errors="0" timestamp="2021-09-26T11:33:33 IST" skipped="0">
  <testcase classname="svg_Graph.Covid_case_graph" name="covid_case" time="191.570"/>
  <system-out/>
</testsuite> <!-- svg_Graph.Covid_case_graph -->
